18:34:51,312 DEBUG devpinoyLogger:56 - Config File loaded !!!
18:34:51,326 DEBUG devpinoyLogger:60 - OR File Loaded !!!
18:35:17,015 DEBUG devpinoyLogger:90 - Firefox driver intilized successfully !!!!!!
18:35:27,654 DEBUG devpinoyLogger:93 - Navigated to URL...http://www.way2automation.com/angularjs-protractor/banking/#/login
18:35:32,154 DEBUG devpinoyLogger:17 - successfully verified bank manager login button !!!
18:35:32,625 DEBUG cache:45 - Couldn't find template in cache for "Extent.ftl"("en_US", UTF-8, parsed); will try to load it.
18:35:32,629 DEBUG cache:45 - TemplateLoader.findTemplateSource("Extent_en_US.ftl"): Not found
18:35:32,636 DEBUG cache:45 - TemplateLoader.findTemplateSource("Extent_en.ftl"): Not found
18:35:32,639 DEBUG cache:45 - TemplateLoader.findTemplateSource("Extent.ftl"): Found
18:35:32,640 DEBUG cache:45 - Loading template for "Extent.ftl"("en_US", UTF-8, parsed) from "jar:file:/C:/Users/Vikash/.m2/repository/com/relevantcodes/extentreports/2.41.2/extentreports-2.41.2.jar!/com/relevantcodes/extentreports/view/Extent.ftl"
18:35:34,721 DEBUG devpinoyLogger:24 - Successfully navigated to  Add customer page
18:35:36,950 DEBUG devpinoyLogger:33 - Successfully Added customer
18:35:37,971 DEBUG cache:45 - Couldn't find template in cache for "Extent.ftl"("en_US", UTF-8, parsed); will try to load it.
18:35:37,972 DEBUG cache:45 - TemplateLoader.findTemplateSource("Extent_en_US.ftl"): Not found
18:35:37,973 DEBUG cache:45 - TemplateLoader.findTemplateSource("Extent_en.ftl"): Not found
18:35:37,974 DEBUG cache:45 - TemplateLoader.findTemplateSource("Extent.ftl"): Found
18:35:37,977 DEBUG cache:45 - Loading template for "Extent.ftl"("en_US", UTF-8, parsed) from "jar:file:/C:/Users/Vikash/.m2/repository/com/relevantcodes/extentreports/2.41.2/extentreports-2.41.2.jar!/com/relevantcodes/extentreports/view/Extent.ftl"
18:35:38,503 DEBUG devpinoyLogger:24 - Successfully navigated to  Add customer page
18:35:39,957 DEBUG devpinoyLogger:33 - Successfully Added customer
18:35:40,980 DEBUG cache:45 - Couldn't find template in cache for "Extent.ftl"("en_US", UTF-8, parsed); will try to load it.
18:35:40,981 DEBUG cache:45 - TemplateLoader.findTemplateSource("Extent_en_US.ftl"): Not found
18:35:40,982 DEBUG cache:45 - TemplateLoader.findTemplateSource("Extent_en.ftl"): Not found
18:35:40,983 DEBUG cache:45 - TemplateLoader.findTemplateSource("Extent.ftl"): Found
18:35:40,984 DEBUG cache:45 - Loading template for "Extent.ftl"("en_US", UTF-8, parsed) from "jar:file:/C:/Users/Vikash/.m2/repository/com/relevantcodes/extentreports/2.41.2/extentreports-2.41.2.jar!/com/relevantcodes/extentreports/view/Extent.ftl"
18:35:41,454 DEBUG devpinoyLogger:24 - Successfully navigated to  Add customer page
18:35:42,888 DEBUG devpinoyLogger:33 - Successfully Added customer
18:35:43,903 DEBUG cache:45 - Couldn't find template in cache for "Extent.ftl"("en_US", UTF-8, parsed); will try to load it.
18:35:43,904 DEBUG cache:45 - TemplateLoader.findTemplateSource("Extent_en_US.ftl"): Not found
18:35:43,905 DEBUG cache:45 - TemplateLoader.findTemplateSource("Extent_en.ftl"): Not found
18:35:43,906 DEBUG cache:45 - TemplateLoader.findTemplateSource("Extent.ftl"): Found
18:35:43,907 DEBUG cache:45 - Loading template for "Extent.ftl"("en_US", UTF-8, parsed) from "jar:file:/C:/Users/Vikash/.m2/repository/com/relevantcodes/extentreports/2.41.2/extentreports-2.41.2.jar!/com/relevantcodes/extentreports/view/Extent.ftl"
18:35:44,351 DEBUG devpinoyLogger:24 - Successfully navigated to  Add customer page
18:35:45,701 DEBUG devpinoyLogger:33 - Successfully Added customer
18:35:46,719 DEBUG cache:45 - Couldn't find template in cache for "Extent.ftl"("en_US", UTF-8, parsed); will try to load it.
18:35:46,721 DEBUG cache:45 - TemplateLoader.findTemplateSource("Extent_en_US.ftl"): Not found
18:35:46,722 DEBUG cache:45 - TemplateLoader.findTemplateSource("Extent_en.ftl"): Not found
18:35:46,723 DEBUG cache:45 - TemplateLoader.findTemplateSource("Extent.ftl"): Found
18:35:46,723 DEBUG cache:45 - Loading template for "Extent.ftl"("en_US", UTF-8, parsed) from "jar:file:/C:/Users/Vikash/.m2/repository/com/relevantcodes/extentreports/2.41.2/extentreports-2.41.2.jar!/com/relevantcodes/extentreports/view/Extent.ftl"
18:35:47,228 DEBUG devpinoyLogger:24 - Successfully navigated to  Add customer page
18:35:49,108 DEBUG devpinoyLogger:33 - Successfully Added customer
18:35:50,122 DEBUG cache:45 - Couldn't find template in cache for "Extent.ftl"("en_US", UTF-8, parsed); will try to load it.
18:35:50,123 DEBUG cache:45 - TemplateLoader.findTemplateSource("Extent_en_US.ftl"): Not found
18:35:50,125 DEBUG cache:45 - TemplateLoader.findTemplateSource("Extent_en.ftl"): Not found
18:35:50,127 DEBUG cache:45 - TemplateLoader.findTemplateSource("Extent.ftl"): Found
18:35:50,129 DEBUG cache:45 - Loading template for "Extent.ftl"("en_US", UTF-8, parsed) from "jar:file:/C:/Users/Vikash/.m2/repository/com/relevantcodes/extentreports/2.41.2/extentreports-2.41.2.jar!/com/relevantcodes/extentreports/view/Extent.ftl"
18:35:53,941 DEBUG cache:45 - Couldn't find template in cache for "Extent.ftl"("en_US", UTF-8, parsed); will try to load it.
18:35:53,942 DEBUG cache:45 - TemplateLoader.findTemplateSource("Extent_en_US.ftl"): Not found
18:35:53,943 DEBUG cache:45 - TemplateLoader.findTemplateSource("Extent_en.ftl"): Not found
18:35:53,944 DEBUG cache:45 - TemplateLoader.findTemplateSource("Extent.ftl"): Found
18:35:53,944 DEBUG cache:45 - Loading template for "Extent.ftl"("en_US", UTF-8, parsed) from "jar:file:/C:/Users/Vikash/.m2/repository/com/relevantcodes/extentreports/2.41.2/extentreports-2.41.2.jar!/com/relevantcodes/extentreports/view/Extent.ftl"
18:35:57,555 DEBUG devpinoyLogger:108 - Driver Closed sussessfully....
